<?xml version="1.0" encoding="UTF-8"?>
<testsuite name="java_testcases.junit.crt_program.SHORTEST_PATH_LENGTHS_TEST" tests="4" skipped="0" failures="0" errors="0" timestamp="2020-03-19T23:51:09" hostname="LTPC" time="0.002">
  <properties/>
  <testcase name="test4s" classname="java_testcases.junit.crt_program.SHORTEST_PATH_LENGTHS_TEST" time="0.0"/>
  <testcase name="test1" classname="java_testcases.junit.crt_program.SHORTEST_PATH_LENGTHS_TEST" time="0.001"/>
  <testcase name="test2" classname="java_testcases.junit.crt_program.SHORTEST_PATH_LENGTHS_TEST" time="0.0"/>
  <testcase name="test3" classname="java_testcases.junit.crt_program.SHORTEST_PATH_LENGTHS_TEST" time="0.0"/>
  <system-out><![CDATA[]]></system-out>
  <system-err><![CDATA[]]></system-err>
</testsuite>
